<?xml version='1.0' encoding='UTF-8'?>
<testsuite hostname="Ninjacomp" name="testpkg.testSize" tests="3" errors="0" failures="0" time="0.029">
                <properties>
[...]
</properties>
                <testcase classname="testpkg.testSize" name="sizetest" time="0.024"> 
                    </testcase><testcase classname="testpkg.testSize" name="harvest" time="0.005"> 
                    </testcase><testcase classname="testpkg.testSize" name="grow3" time="0.0"> 
                    </testcase>
                <system-out></system-out>
                <system-err></system-err>
                </testsuite>